<?xml version="1.0" encoding="UTF-8"?>
<!-- Generated by org.testng.reporters.JUnitXMLReporter -->
<testsuite hostname="Web-PC" ignored="0" name="Validate web app" tests="2" failures="1" timestamp="28 Aug 2019 10:47:30 GMT" time="24.648" errors="0">
  <testcase name="testCase1_VerifyfooterText" time="0.366" classname="tests.TestWebApp"/>
  <testcase name="testCase2_VerifyLogo" time="0.12" classname="tests.TestWebApp">
    <failure type="java.lang.AssertionError" message="logo text is showing Aakash Nath instead of SaaS Leaders expected [true] but found [false]">
      <![CDATA[java.lang.AssertionError: logo text is showing Aakash Nath instead of SaaS Leaders expected [true] but found [false]
at util.Utility.VerifyLogoText(Utility.java:20)
at tests.TestWebApp.testCase2_VerifyLogo(TestWebApp.java:31)
... Removed 28 stack frames]]>
    </failure>
  </testcase> <!-- testCase2_VerifyLogo -->
</testsuite> <!-- Validate web app -->
