<?xml version="1.0" encoding="UTF-8"?>
<!-- Generated by org.testng.reporters.JUnitXMLReporter -->
<testsuite hostname="Web-PC" ignored="0" name="Validate Sign up functionality" tests="2" failures="1" timestamp="19 Jul 2019 11:20:57 GMT" time="112.983" errors="0">
  <testcase name="verifyInvalidPasswordValidationMessage" time="81.69" classname="tests.SignUpTest"/>
  <testcase name="verifyNotSamePasswordValidationMessage" time="12.311" classname="tests.SignUpTest">
    <failure type="java.lang.AssertionError" message="Validation message is not showing for not same password on Repeat Password field  as per specification expected [true] but found [false]">
      <![CDATA[java.lang.AssertionError: Validation message is not showing for not same password on Repeat Password field  as per specification expected [true] but found [false]
at tests.SignUpTest.verifyNotSamePasswordValidationMessage(SignUpTest.java:44)
... Removed 28 stack frames]]>
    </failure>
  </testcase> <!-- verifyNotSamePasswordValidationMessage -->
</testsuite> <!-- Validate Sign up functionality -->
